<?xml version="1.0" encoding="UTF-8"?>
<testng-results ignored="0" total="1" passed="1" failed="0" skipped="0">
  <reporter-output>
  </reporter-output>
  <suite started-at="2023-09-26T23:44:31 IST" name="Default suite" finished-at="2023-09-26T23:45:08 IST" duration-ms="36167">
    <groups>
    </groups>
    <test started-at="2023-09-26T23:44:31 IST" name="Default test" finished-at="2023-09-26T23:45:08 IST" duration-ms="36167">
      <class name="End2EndTTesting.com.practo.BaseClass">
        <test-method is-config="true" signature="openBrowser()[pri:0, instance:End2EndTTesting.com.practo.BaseClass@3e27aa33]" started-at="2023-09-26T23:44:31 IST" name="openBrowser" finished-at="2023-09-26T23:44:51 IST" duration-ms="19109" status="PASS">
          <reporter-output>
          </reporter-output>
        </test-method> <!-- openBrowser -->
        <test-method signature="print()[pri:0, instance:End2EndTTesting.com.practo.BaseClass@3e27aa33]" started-at="2023-09-26T23:44:51 IST" name="print" finished-at="2023-09-26T23:45:08 IST" duration-ms="16932" status="PASS">
          <reporter-output>
          </reporter-output>
        </test-method> <!-- print -->
        <test-method is-config="true" signature="closeBrowser()[pri:0, instance:End2EndTTesting.com.practo.BaseClass@3e27aa33]" started-at="2023-09-26T23:45:08 IST" name="closeBrowser" finished-at="2023-09-26T23:45:08 IST" duration-ms="2" status="PASS">
          <reporter-output>
          </reporter-output>
        </test-method> <!-- closeBrowser -->
      </class> <!-- End2EndTTesting.com.practo.BaseClass -->
    </test> <!-- Default test -->
  </suite> <!-- Default suite -->
</testng-results>
